[debug] [2025-05-26T14:34:27.556Z] ----------------------------------------------------------------------
[debug] [2025-05-26T14:34:27.560Z] Command:       C:\Program Files\nodejs\node.exe C:\Users\Snigtham\AppData\Roaming\npm\node_modules\firebase-tools\lib\bin\firebase.js init
[debug] [2025-05-26T14:34:27.561Z] CLI Version:   14.4.0
[debug] [2025-05-26T14:34:27.561Z] Platform:      win32
[debug] [2025-05-26T14:34:27.561Z] Node Version:  v22.15.0
[debug] [2025-05-26T14:34:27.562Z] Time:          Mon May 26 2025 20:04:27 GMT+0530 (India Standard Time)
[debug] [2025-05-26T14:34:27.562Z] ----------------------------------------------------------------------
[debug] 
[debug] [2025-05-26T14:34:27.568Z] > command requires scopes: ["email","openid","https://www.googleapis.com/auth/cloudplatformprojects.readonly","https://www.googleapis.com/auth/firebase","https://www.googleapis.com/auth/cloud-platform"]
[debug] [2025-05-26T14:34:27.568Z] > authorizing via signed-in user (roysnigdham@gmail.com)
[info] 
     ######## #### ########  ######## ########     ###     ######  ########
     ##        ##  ##     ## ##       ##     ##  ##   ##  ##       ##
     ######    ##  ########  ######   ########  #########  ######  ######
     ##        ##  ##    ##  ##       ##     ## ##     ##       ## ##
     ##       #### ##     ## ######## ########  ##     ##  ######  ########

You're about to initialize a Firebase project in this directory:

  C:\Users\Snigtham\Desktop\FRONTEND\my-app

[info] 
=== Project Setup
[info] 
[info] First, let's associate this project directory with a Firebase project.
[info] You can create multiple project aliases by running firebase use --add, 
[info] but for now we'll just set up a default project.
[info] 
[info] i  If you want to create a project in a Google Cloud organization or folder, please use "firebase projects:create" instead, and return to this command when you've created the project. 
[debug] [2025-05-26T14:35:08.455Z] Checked if tokens are valid: true, expires at: 1748273355299
[debug] [2025-05-26T14:35:08.455Z] Checked if tokens are valid: true, expires at: 1748273355299
[debug] [2025-05-26T14:35:08.456Z] >>> [apiv2][query] POST https://cloudresourcemanager.googleapis.com/v1/projects [none]
[debug] [2025-05-26T14:35:08.456Z] >>> [apiv2][body] POST https://cloudresourcemanager.googleapis.com/v1/projects {"projectId":"Snigdham_Frontend","name":"Snigdham_Frontend"}
[debug] [2025-05-26T14:35:10.067Z] <<< [apiv2][status] POST https://cloudresourcemanager.googleapis.com/v1/projects 400
[debug] [2025-05-26T14:35:10.067Z] <<< [apiv2][body] POST https://cloudresourcemanager.googleapis.com/v1/projects {"error":{"code":400,"message":"Request contains an invalid argument.","status":"INVALID_ARGUMENT","details":[{"@type":"type.googleapis.com/google.rpc.BadRequest","fieldViolations":[{"field":"project_id","description":"project_id contains invalid characters"},{"field":"display_name","description":"project display name contains invalid characters"}]},{"@type":"type.googleapis.com/google.rpc.Help","links":[{"url":"https://cloud.google.com/resource-manager/reference/rest/v1/projects"}]}]}}
[debug] [2025-05-26T14:35:10.318Z] FirebaseError: Request to https://cloudresourcemanager.googleapis.com/v1/projects had HTTP Error: 400, Request contains an invalid argument.
    at responseToError (C:\Users\Snigtham\AppData\Roaming\npm\node_modules\firebase-tools\lib\responseToError.js:52:12)
    at RetryOperation._fn (C:\Users\Snigtham\AppData\Roaming\npm\node_modules\firebase-tools\lib\apiv2.js:312:77)
    at process.processTicksAndRejections (node:internal/process/task_queues:105:5)
[error] 
[error] Error: Failed to create project. See firebase-debug.log for more info.
